0 info it worked if it ends with ok
1 verbose cli [ 'C:\\Program Files\\nodejs\\node.exe',
1 verbose cli   'C:\\Program Files\\nodejs\\node_modules\\npm\\bin\\npm-cli.js',
1 verbose cli   'run',
1 verbose cli   'dev' ]
2 info using npm@3.10.9
3 info using node@v6.9.2
4 verbose run-script [ 'predev', 'dev', 'postdev' ]
5 info lifecycle global.css@1.0.0~predev: global.css@1.0.0
6 silly lifecycle global.css@1.0.0~predev: no script for predev, continuing
7 info lifecycle global.css@1.0.0~dev: global.css@1.0.0
8 verbose lifecycle global.css@1.0.0~dev: unsafe-perm in lifecycle true
9 verbose lifecycle global.css@1.0.0~dev: PATH: C:\Program Files\nodejs\node_modules\npm\bin\node-gyp-bin;C:\Users\yufengzhang210851\Desktop\styles\global\node_modules\.bin;C:\Users\yufengzhang210851\bin;C:\Program Files\Git\mingw64\bin;C:\Program Files\Git\usr\local\bin;C:\Program Files\Git\usr\bin;C:\Program Files\Git\usr\bin;C:\Program Files\Git\mingw64\bin;C:\Program Files\Git\usr\bin;C:\Users\yufengzhang210851\bin;C:\windows\system32;C:\windows;C:\windows\System32\Wbem;C:\windows\System32\WindowsPowerShell\v1.0;D:\python;C:\Program Files\MySQL Server 5.6\bin;C:\Python27;C:\Python27\Lib\site-packages;C:\Python27\Lib;C:\Python27\DLLs;C:\Python27\Lib\lib-tk;C:\Python27\Scripts;C:\Program Files\Java\jdk1.7.0_79\bin;C:\Program Files\nodejs;C:\Program Files (x86)\Enterprise Vault\EVClient\x64;D:\egretwing\Egret Wing 3\bin;C:\Users\yufengzhang210851\AppData\Roaming\npm;C:\Program Files\Git\usr\bin\vendor_perl;C:\Program Files\Git\usr\bin\core_perl
10 verbose lifecycle global.css@1.0.0~dev: CWD: C:\Users\yufengzhang210851\Desktop\styles\global
11 silly lifecycle global.css@1.0.0~dev: Args: [ '/d /s /c', 'gulp browser-sync' ]
12 silly lifecycle global.css@1.0.0~dev: Returned: code: 1  signal: null
13 info lifecycle global.css@1.0.0~dev: Failed to exec dev script
14 verbose stack Error: global.css@1.0.0 dev: `gulp browser-sync`
14 verbose stack Exit status 1
14 verbose stack     at EventEmitter.<anonymous> (C:\Program Files\nodejs\node_modules\npm\lib\utils\lifecycle.js:255:16)
14 verbose stack     at emitTwo (events.js:106:13)
14 verbose stack     at EventEmitter.emit (events.js:191:7)
14 verbose stack     at ChildProcess.<anonymous> (C:\Program Files\nodejs\node_modules\npm\lib\utils\spawn.js:40:14)
14 verbose stack     at emitTwo (events.js:106:13)
14 verbose stack     at ChildProcess.emit (events.js:191:7)
14 verbose stack     at maybeClose (internal/child_process.js:877:16)
14 verbose stack     at Process.ChildProcess._handle.onexit (internal/child_process.js:226:5)
15 verbose pkgid global.css@1.0.0
16 verbose cwd C:\Users\yufengzhang210851\Desktop\styles\global
17 error Windows_NT 6.1.7601
18 error argv "C:\\Program Files\\nodejs\\node.exe" "C:\\Program Files\\nodejs\\node_modules\\npm\\bin\\npm-cli.js" "run" "dev"
19 error node v6.9.2
20 error npm  v3.10.9
21 error code ELIFECYCLE
22 error global.css@1.0.0 dev: `gulp browser-sync`
22 error Exit status 1
23 error Failed at the global.css@1.0.0 dev script 'gulp browser-sync'.
23 error Make sure you have the latest version of node.js and npm installed.
23 error If you do, this is most likely a problem with the global.css package,
23 error not with npm itself.
23 error Tell the author that this fails on your system:
23 error     gulp browser-sync
23 error You can get information on how to open an issue for this project with:
23 error     npm bugs global.css
23 error Or if that isn't available, you can get their info via:
23 error     npm owner ls global.css
23 error There is likely additional logging output above.
24 verbose exit [ 1, true ]
